C:\USERS\PATRICK\DESKTOP\IESN\JEUDUMOULIN\DEBUG\IA.DLL
C:\USERS\PATRICK\DESKTOP\IESN\JEUDUMOULIN\DEBUG\IA.ILK
C:\USERS\PATRICK\DESKTOP\IESN\JEUDUMOULIN\DEBUG\IA.PDB
C:\USERS\PATRICK\DESKTOP\IESN\JEUDUMOULIN\IA\DEBUG\.NETFRAMEWORK,VERSION=V4.0.ASSEMBLYATTRIBUTES.OBJ
C:\USERS\PATRICK\DESKTOP\IESN\JEUDUMOULIN\IA\DEBUG\APP.RES
C:\USERS\PATRICK\DESKTOP\IESN\JEUDUMOULIN\IA\DEBUG\ASSEMBLYINFO.OBJ
C:\Users\Patrick\Desktop\iesn\JeuDuMoulin\IA\Debug\cl.command.1.tlog
C:\Users\Patrick\Desktop\iesn\JeuDuMoulin\IA\Debug\CL.read.1.tlog
C:\Users\Patrick\Desktop\iesn\JeuDuMoulin\IA\Debug\CL.write.1.tlog
C:\USERS\PATRICK\DESKTOP\IESN\JEUDUMOULIN\IA\DEBUG\IA.DLL.INTERMEDIATE.MANIFEST
C:\USERS\PATRICK\DESKTOP\IESN\JEUDUMOULIN\IA\DEBUG\IA.OBJ
C:\USERS\PATRICK\DESKTOP\IESN\JEUDUMOULIN\IA\DEBUG\IA.PCH
C:\Users\Patrick\Desktop\iesn\JeuDuMoulin\IA\Debug\IA.write.1.tlog
C:\Users\Patrick\Desktop\iesn\JeuDuMoulin\IA\Debug\link.1268.read.1.tlog
C:\Users\Patrick\Desktop\iesn\JeuDuMoulin\IA\Debug\link.1268.write.1.tlog
C:\Users\Patrick\Desktop\iesn\JeuDuMoulin\IA\Debug\link.1268-cvtres.read.1.tlog
C:\Users\Patrick\Desktop\iesn\JeuDuMoulin\IA\Debug\link.1268-cvtres.write.1.tlog
C:\Users\Patrick\Desktop\iesn\JeuDuMoulin\IA\Debug\link.2308.read.1.tlog
C:\Users\Patrick\Desktop\iesn\JeuDuMoulin\IA\Debug\link.2308.write.1.tlog
C:\Users\Patrick\Desktop\iesn\JeuDuMoulin\IA\Debug\link.2308-cvtres.read.1.tlog
C:\Users\Patrick\Desktop\iesn\JeuDuMoulin\IA\Debug\link.2308-cvtres.write.1.tlog
C:\Users\Patrick\Desktop\iesn\JeuDuMoulin\IA\Debug\link.4792.read.1.tlog
C:\Users\Patrick\Desktop\iesn\JeuDuMoulin\IA\Debug\link.4792.write.1.tlog
C:\Users\Patrick\Desktop\iesn\JeuDuMoulin\IA\Debug\link.4792-cvtres.read.1.tlog
C:\Users\Patrick\Desktop\iesn\JeuDuMoulin\IA\Debug\link.4792-cvtres.write.1.tlog
C:\Users\Patrick\Desktop\iesn\JeuDuMoulin\IA\Debug\link.command.1.tlog
C:\Users\Patrick\Desktop\iesn\JeuDuMoulin\IA\Debug\link.read.1.tlog
C:\Users\Patrick\Desktop\iesn\JeuDuMoulin\IA\Debug\link.write.1.tlog
C:\Users\Patrick\Desktop\iesn\JeuDuMoulin\IA\Debug\mt.command.1.tlog
C:\Users\Patrick\Desktop\iesn\JeuDuMoulin\IA\Debug\mt.read.1.tlog
C:\Users\Patrick\Desktop\iesn\JeuDuMoulin\IA\Debug\mt.write.1.tlog
C:\Users\Patrick\Desktop\iesn\JeuDuMoulin\IA\Debug\rc.command.1.tlog
C:\Users\Patrick\Desktop\iesn\JeuDuMoulin\IA\Debug\rc.read.1.tlog
C:\Users\Patrick\Desktop\iesn\JeuDuMoulin\IA\Debug\rc.write.1.tlog
C:\USERS\PATRICK\DESKTOP\IESN\JEUDUMOULIN\IA\DEBUG\STDAFX.OBJ
C:\USERS\PATRICK\DESKTOP\IESN\JEUDUMOULIN\IA\DEBUG\VC100.PDB
