La génération a démarré 23/08/2011 10:56:30.
     1>Projet "C:\Users\Patrick\Desktop\iesn\Jeu de Nim\IA\IA.vcxproj" sur le nœud 2 (build cible(s)).
     1>InitializeBuildStatus:
         Création de "Debug\IA.unsuccessfulbuild", car "AlwaysCreate" a été spécifié.
       GenerateTargetFrameworkMonikerAttribute:
       La cible est ignorée "GenerateTargetFrameworkMonikerAttribute", car tous les fichiers de sortie sont à jour par rapport aux fichiers d'entrée.
       ClCompile:
         C:\Program Files\Microsoft Visual Studio 10.0\VC\bin\CL.exe /c /AI"C:\Program Files\Reference Assemblies\Microsoft\Framework\.NETFramework\v4.0" /Zi /clr /nologo /W3 /WX- /Od /Oy- /D WIN32 /D _DEBUG /D _WINDLL /D _UNICODE /D UNICODE /EHa /MDd /GS /fp:precise /Zc:wchar_t /Zc:forScope /Yc"StdAfx.h" /Fp"Debug\IA.pch" /Fo"Debug\\" /Fd"Debug\vc100.pdb" /TP /FU"C:\Program Files\Reference Assemblies\Microsoft\Framework\.NETFramework\v4.0\System.Core.dll" /FU"C:\Program Files\Reference Assemblies\Microsoft\Framework\.NETFramework\v4.0\System.Data.dll" /FU"C:\Program Files\Reference Assemblies\Microsoft\Framework\.NETFramework\v4.0\System.dll" /FU"C:\Program Files\Reference Assemblies\Microsoft\Framework\.NETFramework\v4.0\System.Xml.dll" /analyze- /errorReport:prompt Stdafx.cpp /clr:nostdlib 
         Stdafx.cpp
         C:\Program Files\Microsoft Visual Studio 10.0\VC\bin\CL.exe /c /AI"C:\Program Files\Reference Assemblies\Microsoft\Framework\.NETFramework\v4.0" /Zi /clr /nologo /W3 /WX- /Od /Oy- /D WIN32 /D _DEBUG /D _WINDLL /D _UNICODE /D UNICODE /EHa /MDd /GS /fp:precise /Zc:wchar_t /Zc:forScope /Yu"StdAfx.h" /Fp"Debug\IA.pch" /Fo"Debug\\" /Fd"Debug\vc100.pdb" /TP /FU"C:\Program Files\Reference Assemblies\Microsoft\Framework\.NETFramework\v4.0\System.Core.dll" /FU"C:\Program Files\Reference Assemblies\Microsoft\Framework\.NETFramework\v4.0\System.Data.dll" /FU"C:\Program Files\Reference Assemblies\Microsoft\Framework\.NETFramework\v4.0\System.dll" /FU"C:\Program Files\Reference Assemblies\Microsoft\Framework\.NETFramework\v4.0\System.Xml.dll" /analyze- /errorReport:prompt AssemblyInfo.cpp IA.cpp /clr:nostdlib 
         AssemblyInfo.cpp
         IA.cpp
         Génération de code en cours...
         Toutes les sorties sont à jour.
       ResourceCompile:
         C:\Program Files\Microsoft SDKs\Windows\v7.0A\bin\rc.exe /D _UNICODE /D UNICODE /l"0x0409" /nologo /fo"Debug\app.res" app.rc 
       Link:
         C:\Program Files\Microsoft Visual Studio 10.0\VC\bin\link.exe /ERRORREPORT:PROMPT /OUT:"C:\Users\Patrick\Desktop\iesn\Jeu de Nim\Debug\IA.dll" /INCREMENTAL /NOLOGO /MANIFEST /ManifestFile:"Debug\IA.dll.intermediate.manifest" /MANIFESTUAC:"level='asInvoker' uiAccess='false'" /DEBUG /PDB:"C:\Users\Patrick\Desktop\iesn\Jeu de Nim\Debug\IA.pdb" /ASSEMBLYDEBUG /TLBID:1 /DYNAMICBASE /FIXED:NO /NXCOMPAT /MACHINE:X86 /DLL Debug\app.res
         Debug\AssemblyInfo.obj
         Debug\IA.obj
         Debug\Stdafx.obj
         "Debug\.NETFramework,Version=v4.0.AssemblyAttributes.obj"
         IA.vcxproj -> C:\Users\Patrick\Desktop\iesn\Jeu de Nim\Debug\IA.dll
       Manifest:
         C:\Program Files\Microsoft SDKs\Windows\v7.0A\bin\mt.exe /nologo /verbose /outputresource:"C:\Users\Patrick\Desktop\iesn\Jeu de Nim\Debug\IA.dll;#2" /manifest Debug\IA.dll.intermediate.manifest
       FinalizeBuildStatus:
         Suppression du fichier "Debug\IA.unsuccessfulbuild".
         Mise à jour de l'horodatage "Debug\IA.lastbuildstate".
     1>Génération du projet "C:\Users\Patrick\Desktop\iesn\Jeu de Nim\IA\IA.vcxproj" terminée (build cible(s)).

La génération a réussi.

Temps écoulé 00:00:06.49
